<?xml version="1.0" encoding="UTF-8"?>
<!-- Generated by org.testng.reporters.JUnitXMLReporter -->
<testsuite ignored="6" hostname="DESKTOP-EFLV044" failures="0" tests="4" name="classes" time="60.831" errors="0" timestamp="2023-07-07T10:35:45 IST">
  <testcase classname="homerental_automationTest.RegisterUserToApplicationInPOMTest" name="mainTest" time="3.314"/>
  <testcase classname="homerental_automationTest.RegisterHomeInPOMTest" name="mainTest" time="17.334"/>
  <testcase classname="homerental_automationTest.UpdateHomeInPOMTest" name="mainTest" time="18.687"/>
  <testcase classname="homerental_automationTest.ComplaintInPOMTest" name="mainTest" time="5.091"/>
  <testcase classname="com.houserental.genericutility.BaseClass" name="@BeforeSuite connectToDB" time="0.0">
    <ignored/>
  </testcase> <!-- @BeforeSuite connectToDB -->
  <testcase classname="com.houserental.genericutility.BaseClass" name="@BeforeSuite connectToDB" time="0.0">
    <ignored/>
  </testcase> <!-- @BeforeSuite connectToDB -->
  <testcase classname="com.houserental.genericutility.BaseClass" name="@BeforeSuite connectToDB" time="0.0">
    <ignored/>
  </testcase> <!-- @BeforeSuite connectToDB -->
  <testcase classname="com.houserental.genericutility.BaseClass" name="@AfterSuite closeDB" time="0.0">
    <ignored/>
  </testcase> <!-- @AfterSuite closeDB -->
  <testcase classname="com.houserental.genericutility.BaseClass" name="@AfterSuite closeDB" time="0.0">
    <ignored/>
  </testcase> <!-- @AfterSuite closeDB -->
  <testcase classname="com.houserental.genericutility.BaseClass" name="@AfterSuite closeDB" time="0.0">
    <ignored/>
  </testcase> <!-- @AfterSuite closeDB -->
</testsuite> <!-- classes -->
