<?xml version="1.0" encoding="UTF-8"?>
<!-- Generated by org.testng.reporters.JUnitXMLReporter -->
<testsuite ignored="6" hostname="DESKTOP-EFLV044" failures="1" tests="9" name="Test" time="48.682" errors="0" timestamp="2023-07-10T15:38:55 IST">
  <testcase classname="homerental_automationTest.RegisterHomeInPOMTest" name="registerHomeTest" time="0.015">
    <skipped/>
  </testcase> <!-- registerHomeTest -->
  <testcase classname="homerental_automationTest.RegisterHomeInPOMTest" name="registerHomeTest" time="0.016">
    <skipped/>
  </testcase> <!-- registerHomeTest -->
  <testcase classname="homerental_automationTest.RegisterHomeInPOMTest" name="registerHomeTest" time="0.012">
    <skipped/>
  </testcase> <!-- registerHomeTest -->
  <testcase classname="homerental_automationTest.RegisterHomeInPOMTest" name="registerHomeTest" time="0.006">
    <failure type="java.lang.AssertionError" message="null">
      <![CDATA[java.lang.AssertionError: null
at homerental_automationTest.RegisterHomeInPOMTest.registerHomeTest(RegisterHomeInPOMTest.java:34)
at java.base/java.util.concurrent.ThreadPoolExecutor.runWorker(ThreadPoolExecutor.java:1144)
at java.base/java.util.concurrent.ThreadPoolExecutor$Worker.run(ThreadPoolExecutor.java:642)
at java.base/java.lang.Thread.run(Thread.java:1589)
... Removed 12 stack frames]]>
    </failure>
  </testcase> <!-- registerHomeTest -->
  <testcase classname="homerental_automationTest.RegisterUserToApplicationInPOMTest" name="registerUserTest" time="8.977"/>
  <testcase classname="homerental_automationTest.ComplaintInPOMTest" name="complaintTest" time="14.046"/>
  <testcase classname="homerental_automationTest.UpdateHomeInPOMTest" name="updateHomeTest" time="16.416">
    <skipped/>
  </testcase> <!-- updateHomeTest -->
  <testcase classname="homerental_automationTest.UpdateHomeInPOMTest" name="updateHomeTest" time="4.58">
    <skipped/>
  </testcase> <!-- updateHomeTest -->
  <testcase classname="homerental_automationTest.UpdateHomeInPOMTest" name="updateHomeTest" time="12.299"/>
  <testcase classname="com.houserental.genericutility.BaseClass" name="@BeforeSuite connectToDB" time="0.0">
    <ignored/>
  </testcase> <!-- @BeforeSuite connectToDB -->
  <testcase classname="com.houserental.genericutility.BaseClass" name="@BeforeSuite connectToDB" time="0.0">
    <ignored/>
  </testcase> <!-- @BeforeSuite connectToDB -->
  <testcase classname="com.houserental.genericutility.BaseClass" name="@BeforeSuite connectToDB" time="0.0">
    <ignored/>
  </testcase> <!-- @BeforeSuite connectToDB -->
  <testcase classname="com.houserental.genericutility.BaseClass" name="@AfterSuite closeDB" time="0.0">
    <ignored/>
  </testcase> <!-- @AfterSuite closeDB -->
  <testcase classname="com.houserental.genericutility.BaseClass" name="@AfterSuite closeDB" time="0.0">
    <ignored/>
  </testcase> <!-- @AfterSuite closeDB -->
  <testcase classname="com.houserental.genericutility.BaseClass" name="@AfterSuite closeDB" time="0.0">
    <ignored/>
  </testcase> <!-- @AfterSuite closeDB -->
</testsuite> <!-- Test -->
