<?xml version="1.0" encoding="UTF-8"?>
<!-- Generated by org.testng.reporters.JUnitXMLReporter -->
<testsuite ignored="0" hostname="DESKTOP-EFLV044" failures="0" tests="1" name="Test3" time="212.345" errors="0" timestamp="2023-07-07T13:43:41 IST">
  <testcase classname="com.houserental.genericutility.BaseClass" name="@BeforeTest launchTheBrowser" time="212.198">
    <failure type="io.github.bonigarcia.wdm.config.WebDriverManagerException" message="org.apache.hc.client5.http.HttpHostConnectException: Connect to https://raw.githubusercontent.com:443 [raw.githubusercontent.com/49.44.79.236, raw.githubusercontent.com/2405:200:1607:2820:41:0:0:36] failed: Connection timed out: no further information">
      <![CDATA[io.github.bonigarcia.wdm.config.WebDriverManagerException: org.apache.hc.client5.http.HttpHostConnectException: Connect to https://raw.githubusercontent.com:443 [raw.githubusercontent.com/49.44.79.236, raw.githubusercontent.com/2405:200:1607:2820:41:0:0:36] failed: Connection timed out: no further information
at io.github.bonigarcia.wdm.WebDriverManager.handleException(WebDriverManager.java:1423)
at io.github.bonigarcia.wdm.WebDriverManager.manage(WebDriverManager.java:1204)
at io.github.bonigarcia.wdm.WebDriverManager.fallback(WebDriverManager.java:1439)
at io.github.bonigarcia.wdm.WebDriverManager.handleException(WebDriverManager.java:1416)
at io.github.bonigarcia.wdm.WebDriverManager.manage(WebDriverManager.java:1204)
at io.github.bonigarcia.wdm.WebDriverManager.setup(WebDriverManager.java:419)
at com.houserental.genericutility.BaseClass.launchTheBrowser(BaseClass.java:51)
at java.base/java.util.concurrent.FutureTask.run(FutureTask.java:317)
at java.base/java.util.concurrent.ThreadPoolExecutor.runWorker(ThreadPoolExecutor.java:1144)
at java.base/java.util.concurrent.ThreadPoolExecutor$Worker.run(ThreadPoolExecutor.java:642)
at java.base/java.lang.Thread.run(Thread.java:1589)
Caused by: org.apache.hc.client5.http.HttpHostConnectException: Connect to https://raw.githubusercontent.com:443 [raw.githubusercontent.com/49.44.79.236, raw.githubusercontent.com/2405:200:1607:2820:41:0:0:36] failed: Connection timed out: no further information
at java.base/sun.nio.ch.Net.pollConnect(Native Method)
at java.base/sun.nio.ch.Net.pollConnectNow(Net.java:672)
at java.base/sun.nio.ch.NioSocketImpl.timedFinishConnect(NioSocketImpl.java:542)
at java.base/sun.nio.ch.NioSocketImpl.connect(NioSocketImpl.java:585)
at java.base/java.net.SocksSocketImpl.connect(SocksSocketImpl.java:327)
at java.base/java.net.Socket.connect(Socket.java:666)
at org.apache.hc.client5.http.ssl.SSLConnectionSocketFactory.lambda$connectSocket$0(SSLConnectionSocketFactory.java:232)
at java.base/java.security.AccessController.doPrivileged(AccessController.java:569)
at org.apache.hc.client5.http.ssl.SSLConnectionSocketFactory.connectSocket(SSLConnectionSocketFactory.java:231)
at org.apache.hc.client5.http.impl.io.DefaultHttpClientConnectionOperator.connect(DefaultHttpClientConnectionOperator.java:181)
at org.apache.hc.client5.http.impl.io.PoolingHttpClientConnectionManager.connect(PoolingHttpClientConnectionManager.java:447)
at org.apache.hc.client5.http.impl.classic.InternalExecRuntime.connectEndpoint(InternalExecRuntime.java:162)
at org.apache.hc.client5.http.impl.classic.InternalExecRuntime.connectEndpoint(InternalExecRuntime.java:172)
at org.apache.hc.client5.http.impl.classic.ConnectExec.execute(ConnectExec.java:142)
at org.apache.hc.client5.http.impl.classic.ExecChainElement.execute(ExecChainElement.java:51)
at org.apache.hc.client5.http.impl.classic.ProtocolExec.execute(ProtocolExec.java:192)
at org.apache.hc.client5.http.impl.classic.ExecChainElement.execute(ExecChainElement.java:51)
at org.apache.hc.client5.http.impl.classic.HttpRequestRetryExec.execute(HttpRequestRetryExec.java:96)
at org.apache.hc.client5.http.impl.classic.ExecChainElement.execute(ExecChainElement.java:51)
at org.apache.hc.client5.http.impl.classic.ContentCompressionExec.execute(ContentCompressionExec.java:152)
at org.apache.hc.client5.http.impl.classic.ExecChainElement.execute(ExecChainElement.java:51)
at org.apache.hc.client5.http.impl.classic.RedirectExec.execute(RedirectExec.java:115)
at org.apache.hc.client5.http.impl.classic.ExecChainElement.execute(ExecChainElement.java:51)
at org.apache.hc.client5.http.impl.classic.InternalHttpClient.doExecute(InternalHttpClient.java:170)
at org.apache.hc.client5.http.impl.classic.CloseableHttpClient.execute(CloseableHttpClient.java:87)
at org.apache.hc.client5.http.impl.classic.CloseableHttpClient.execute(CloseableHttpClient.java:55)
at org.apache.hc.client5.http.classic.HttpClient.executeOpen(HttpClient.java:183)
at io.github.bonigarcia.wdm.online.HttpClient.execute(HttpClient.java:162)
at io.github.bonigarcia.wdm.WebDriverManager.openGitHubConnection(WebDriverManager.java:1607)
at io.github.bonigarcia.wdm.WebDriverManager.getDriversFromGitHub(WebDriverManager.java:1621)
at io.github.bonigarcia.wdm.managers.FirefoxDriverManager.getDriverUrls(FirefoxDriverManager.java:102)
at io.github.bonigarcia.wdm.WebDriverManager.createUrlHandler(WebDriverManager.java:1444)
at io.github.bonigarcia.wdm.WebDriverManager.download(WebDriverManager.java:1279)
at io.github.bonigarcia.wdm.WebDriverManager.manage(WebDriverManager.java:1198)
... 22 more
... Removed 13 stack frames]]>
    </failure>
  </testcase> <!-- @BeforeTest launchTheBrowser -->
  <testcase classname="com.houserental.genericutility.BaseClass" name="@BeforeMethod loginToApplication" time="-1.688717621688E9">
    <skipped/>
  </testcase> <!-- @BeforeMethod loginToApplication -->
  <testcase classname="com.houserental.genericutility.BaseClass" name="@AfterMethod logoutFromTheApplication" time="-1.688717621707E9">
    <skipped/>
  </testcase> <!-- @AfterMethod logoutFromTheApplication -->
  <testcase classname="com.houserental.genericutility.BaseClass" name="@AfterTest closeTheBrowser" time="-1.68871762174E9">
    <skipped/>
  </testcase> <!-- @AfterTest closeTheBrowser -->
  <testcase classname="homerental_automationTest.RegisterUserToApplicationInPOMTest" name="mainTest" time="0.0">
    <skipped/>
  </testcase> <!-- mainTest -->
</testsuite> <!-- Test3 -->
